<?xml version="1.0" encoding="UTF-8"?>
<testng-results ignored="0" total="2" passed="2" failed="0" skipped="0">
  <reporter-output>
  </reporter-output>
  <suite started-at="2018-02-11T14:10:42Z" name="Default suite" finished-at="2018-02-11T14:10:52Z" duration-ms="10271">
    <groups>
    </groups>
    <test started-at="2018-02-11T14:10:42Z" name="Default test" finished-at="2018-02-11T14:10:52Z" duration-ms="10271">
      <class name="testCases.Day1">
        <test-method signature="login()[pri:0, instance:testCases.Day1@1f59a598]" started-at="2018-02-11T09:10:42Z" name="login" finished-at="2018-02-11T09:10:52Z" duration-ms="9781" status="PASS">
          <reporter-output>
          </reporter-output>
        </test-method> <!-- login -->
        <test-method signature="verifyTitle()[pri:0, instance:testCases.Day1@1f59a598]" started-at="2018-02-11T09:10:52Z" name="verifyTitle" finished-at="2018-02-11T09:10:52Z" duration-ms="210" status="PASS">
          <reporter-output>
          </reporter-output>
        </test-method> <!-- verifyTitle -->
        <test-method is-config="true" signature="teardown()[pri:0, instance:testCases.Day1@1f59a598]" started-at="2018-02-11T09:10:52Z" name="teardown" finished-at="2018-02-11T09:10:52Z" duration-ms="230" status="PASS">
          <reporter-output>
          </reporter-output>
        </test-method> <!-- teardown -->
      </class> <!-- testCases.Day1 -->
    </test> <!-- Default test -->
  </suite> <!-- Default suite -->
</testng-results>
